proguard/seeds.txt
org.cocos2d.nodes.CCNode
org.cocos2d.nodes.CCNode: java.lang.String LOG_TAG
org.cocos2d.nodes.CCNode: int kCCNodeTagInvalid
org.cocos2d.nodes.CCNode: float rotation_
org.cocos2d.nodes.CCNode: float scaleX_
org.cocos2d.nodes.CCNode: float scaleY_
org.cocos2d.nodes.CCNode: float skewX_
org.cocos2d.nodes.CCNode: float skewY_
org.cocos2d.nodes.CCNode: org.cocos2d.types.CGPoint anchorPointInPixels_
org.cocos2d.nodes.CCNode: boolean isRelativeAnchorPoint_
org.cocos2d.nodes.CCNode: org.cocos2d.types.CGPoint anchorPoint_
org.cocos2d.nodes.CCNode: org.cocos2d.types.CGSize contentSize_
org.cocos2d.nodes.CCNode: float[] transformGL_
org.cocos2d.nodes.CCNode: org.cocos2d.types.CGAffineTransform transform_
org.cocos2d.nodes.CCNode: org.cocos2d.types.CGAffineTransform inverse_
org.cocos2d.nodes.CCNode: boolean isTransformDirty_
org.cocos2d.nodes.CCNode: boolean isInverseDirty_
org.cocos2d.nodes.CCNode: boolean isTransformGLDirty_
org.cocos2d.nodes.CCNode: org.cocos2d.types.CGPoint position_
org.cocos2d.nodes.CCNode: org.cocos2d.opengl.CCCamera camera_
org.cocos2d.nodes.CCNode: org.cocos2d.grid.CCGridBase grid_
org.cocos2d.nodes.CCNode: boolean visible_
org.cocos2d.nodes.CCNode: org.cocos2d.nodes.CCNode parent_
org.cocos2d.nodes.CCNode: int tag_
org.cocos2d.nodes.CCNode: float vertexZ_
org.cocos2d.nodes.CCNode: int zOrder_
org.cocos2d.nodes.CCNode: java.util.List children_
org.cocos2d.nodes.CCNode: java.lang.Object userData
org.cocos2d.nodes.CCNode: boolean isRunning_
org.cocos2d.utils.pool.ObjectPool
org.cocos2d.utils.pool.ObjectPool: java.util.HashMap lists
org.cocos2d.utils.pool.ObjectPool: ObjectPool()
org.cocos2d.utils.pool.ObjectPool: org.cocos2d.utils.pool.OneClassPool registerPool(java.lang.Class,org.cocos2d.utils.pool.OneClassPool)
org.cocos2d.utils.pool.ObjectPool: org.cocos2d.utils.pool.OneClassPool getPool(java.lang.Class)
org.cocos2d.utils.pool.ObjectPool: void clearAll()
org.cocos2d.tests.TileMapTest$TMXReadWriteTest
org.cocos2d.tests.TileMapTest$TMXReadWriteTest: int gid
org.cocos2d.tests.TileMapTest$TMXReadWriteTest: int gid2
org.cocos2d.tests.TileMapTest$TMXReadWriteTest: TileMapTest$TMXReadWriteTest()
org.cocos2d.tests.TileMapTest$TMXReadWriteTest: void removeSprite(java.lang.Object)
org.cocos2d.tests.TileMapTest$TMXReadWriteTest: void updateCol(float)
org.cocos2d.tests.TileMapTest$TMXReadWriteTest: void repaintWithGID(float)
org.cocos2d.tests.TileMapTest$TMXReadWriteTest: void removeTiles(float)
org.cocos2d.tests.TileMapTest$TMXReadWriteTest: java.lang.String title()
org.cocos2d.tests.TileMapTest$TileDemo: org.cocos2d.opengl.CCTextureAtlas atlas
org.cocos2d.tests.TileMapTest$TileDemo: TileMapTest$TileDemo()
org.cocos2d.tests.TileMapTest$TileDemo: void registerWithTouchDispatcher()
org.cocos2d.tests.TileMapTest$TileDemo: boolean ccTouchesBegan(android.view.MotionEvent)
org.cocos2d.tests.TileMapTest$TileDemo: boolean ccTouchesEnded(android.view.MotionEvent)
org.cocos2d.tests.TileMapTest$TileDemo: boolean ccTouchesCancelled(android.view.MotionEvent)
org.cocos2d.tests.TileMapTest$TileDemo: boolean ccTouchesMoved(android.view.MotionEvent)
org.cocos2d.tests.TileMapTest$TileDemo: void restartCallback(java.lang.Object)
org.cocos2d.tests.TileMapTest$TileDemo: void nextCallback(java.lang.Object)
org.cocos2d.tests.TileMapTest$TileDemo: void backCallback(java.lang.Object)
org.cocos2d.tests.TileMapTest$TileDemo: java.lang.String title()
org.cocos2d.tests.TileMapTest$TileDemo: java.lang.String subtitle()