proguard/mapping.txt
org.cocos2d.protocols.CCMotionEventProtocol -> org.cocos2d.a.b:
org.cocos2d.protocols.CCRGBAProtocol -> org.cocos2d.a.a:
    void setColor(org.cocos2d.types.ccColor3B) -> setColor
    org.cocos2d.types.ccColor3B getColor() -> getColor
    int getOpacity() -> getOpacity
    void setOpacity(int) -> setOpacity
    void setOpacityModifyRGB(boolean) -> setOpacityModifyRGB
org.cocos2d.protocols.CCTouchDelegateProtocol -> org.cocos2d.a.c:
    boolean ccTouchesBegan(android.view.MotionEvent) -> ccTouchesBegan
    boolean ccTouchesMoved(android.view.MotionEvent) -> ccTouchesMoved
    boolean ccTouchesEnded(android.view.MotionEvent) -> ccTouchesEnded
    boolean ccTouchesCancelled(android.view.MotionEvent) -> ccTouchesCancelled
org.cocos2d.sound.SoundEngine -> org.cocos2d.sound.SoundEngine:
    org.cocos2d.utils.collections.IntMap effectsMap -> effectsMap
    org.cocos2d.utils.collections.IntMap streamsMap -> streamsMap
    org.cocos2d.utils.collections.IntMap soundsMap -> soundsMap
    android.media.SoundPool sp -> sp
    int lastSndId -> lastSndId
    java.lang.Float prevEffectsVolume -> prevEffectsVolume
    java.lang.Float prevSoundsVolume -> prevSoundsVolume
    java.lang.Float effectsVolume -> effectsVolume
    java.lang.Float soundsVolume -> soundsVolume
    boolean mute -> mute
    org.cocos2d.sound.SoundEngine _sharedEngine -> _sharedEngine
    org.cocos2d.sound.SoundEngine sharedEngine() -> sharedEngine
    void purgeSharedEngine() -> purgeSharedEngine
    void setEffectsVolume(java.lang.Float) -> setEffectsVolume
    java.lang.Float getEffectsVolume() -> getEffectsVolume
    void setSoundVolume(java.lang.Float) -> setSoundVolume
    java.lang.Float getSoundsVolume() -> getSoundsVolume
    void mute() -> mute
    void unmute() -> unmute
    boolean isMute() -> isMute
    void preloadEffect(android.content.Context,int) -> preloadEffect
    void playEffect(android.content.Context,int) -> playEffect
    void stopEffect(android.content.Context,int) -> stopEffect
    void preloadSound(android.content.Context,int) -> preloadSound
    void playSound(android.content.Context,int,boolean) -> playSound
    void pauseSound() -> pauseSound
    void resumeSound() -> resumeSound
org.cocos2d.tests.ActionManagerTest -> org.cocos2d.tests.ActionManagerTest:
    int kTagNode -> kTagNode
    int kTagGrossini -> kTagGrossini
    int kTagSister -> kTagSister
    int kTagSlider -> kTagSlider
    int kTagSequence -> kTagSequence
    org.cocos2d.opengl.CCGLSurfaceView mGLSurfaceView -> mGLSurfaceView
    int sceneIdx -> sceneIdx
    java.lang.Class[] transitions -> transitions
    void onCreate(android.os.Bundle) -> onCreate
    void onStart() -> onStart
    void onPause() -> onPause
    void onResume() -> onResume
    void onDestroy() -> onDestroy
    org.cocos2d.layers.CCLayer nextAction() -> nextAction
    org.cocos2d.layers.CCLayer backAction() -> backAction
    org.cocos2d.layers.CCLayer restartAction() -> restartAction
org.cocos2d.tests.ActionManagerTest$ActionManagerDemo -> org.cocos2d.tests.ActionManagerTest$ActionManagerDemo:
    org.cocos2d.opengl.CCTextureAtlas atlas -> atlas
    void restartCallback(java.lang.Object) -> restartCallback
    void nextCallback(java.lang.Object) -> nextCallback
    void backCallback(java.lang.Object) -> backCallback
    java.lang.String title() -> title
    java.lang.String subtitle() -> subtitle
org.cocos2d.tests.ActionManagerTest$CrashTest -> org.cocos2d.tests.bt:
    java.lang.String title() -> title
org.cocos2d.tests.ActionManagerTest$Issue835 -> org.cocos2d.tests.ee:
    void onEnter() -> onEnter
    java.lang.String title() -> title
    java.lang.String subtitle() -> subtitle
org.cocos2d.tests.ActionManagerTest$LogicTest -> org.cocos2d.tests.az:
    java.lang.String title() -> title
org.cocos2d.tests.ActionManagerTest$PauseTest -> org.cocos2d.tests.bj:
    void onEnter() -> onEnter
    java.lang.String title() -> title
    java.lang.String subtitle() -> subtitle