proguard/usage.txt
org.cocos2d.protocols.CCBlendProtocol
org.cocos2d.protocols.CCRGBAProtocol:
    public abstract boolean doesOpacityModifyRGB()
org.cocos2d.protocols.CCTextureProtocol
org.cocos2d.tests.ActionManagerTest$CrashTest:
    224:226:public void removeThis()
org.cocos2d.tests.ActionManagerTest$Issue835:
    365:369:public void resumeGrossini(float)
org.cocos2d.tests.ActionManagerTest$LogicTest:
    249:251:public void bugMe(org.cocos2d.nodes.CCNode)
org.cocos2d.tests.ActionManagerTest$PauseTest:
    285:288:public void unpause(float)
org.cocos2d.tests.ActionManagerTest$RemoveTest:
    319:321:public void stopAction(java.lang.Object)
org.cocos2d.tests.ActionsTest$ActionCallFunc:
    891:896:public void callback1()
    900:905:public void callback2(java.lang.Object)
    909:913:public void callback3(java.lang.Object,java.lang.Object)
org.cocos2d.tests.ActionsTest$ActionCallFuncND:
    936:941:public void callbackND(java.lang.Object,java.lang.Object)
org.cocos2d.tests.ActionsTest$ActionRepeatForever:
    686:689:public void repeatForever(java.lang.Object)
org.cocos2d.tests.ActionsTest$ActionSequence2:
    625:630:public void callback1()
    633:638:public void callback2(java.lang.Object)
    641:646:public void callback3(java.lang.Object,java.lang.Object)
org.cocos2d.tests.CocosNodeTest$CustomNode:
    483:484:public void doSomething(float)
    1:1:public static org.cocos2d.nodes.CCNode node()
org.cocos2d.tests.CocosNodeTest$StressTest1:
    401:419:public void shouldNotCrash(float)
    423:425:public void removeMe(java.lang.Object)
org.cocos2d.tests.CocosNodeTest$StressTest2:
    467:470:public void shouldNotLeak(float)
org.cocos2d.tests.CocosNodeTest$Test4:
    273:276:public void delay2(float)
    279:281:public void delay4(float)
org.cocos2d.tests.CocosNodeTest$Test5:
    318:326:public void addAndRemove(float)
org.cocos2d.tests.CocosNodeTest$Test6:
    370:378:public void addAndRemove(float)
org.cocos2d.tests.DrawPrimitivesTest$Test1:
    177:177:public static org.cocos2d.layers.CCLayer node()
    274:274:public java.lang.String title()
org.cocos2d.tests.DrawPrimitivesTest$TestDemo:
    144:150:public void restartCallback(java.lang.Object)
    153:159:public void nextCallback(java.lang.Object)
    162:168:public void backCallback(java.lang.Object)
    171:171:java.lang.String title()
org.cocos2d.tests.EaseActionsTest$SpeedTest:
    656:664:public void altertime(float)
org.cocos2d.tests.EaseActionsTest$SpriteEase:
    271:275:public void testStopAction(float)
org.cocos2d.tests.EffectsAdvancedTest$TextLayer:
    213:216:public void restartCallback(java.lang.Object)
    219:222:public void nextCallback(java.lang.Object)
    225:228:public void backCallback(java.lang.Object)
org.cocos2d.tests.EffectsTest$FadeOutBLTilesDemo:
    472:476:public static org.cocos2d.actions.interval.CCSequence action(float)
    1:1:public static org.cocos2d.actions.interval.CCIntervalAction action(float)
org.cocos2d.tests.EffectsTest$FadeOutDownTilesDemo:
    503:507:public static org.cocos2d.actions.interval.CCSequence action(float)
    1:1:public static org.cocos2d.actions.interval.CCIntervalAction action(float)
org.cocos2d.tests.EffectsTest$FadeOutTRTilesDemo:
    457:461:public static org.cocos2d.actions.interval.CCSequence action(float)
    1:1:public static org.cocos2d.actions.interval.CCIntervalAction action(float)
org.cocos2d.tests.EffectsTest$FadeOutUpTilesDemo:
    487:491:public static org.cocos2d.actions.interval.CCSequence actionWithDuration(float)
org.cocos2d.tests.EffectsTest$FlipX3DDemo:
    328:332:public static org.cocos2d.actions.interval.CCSequence action(float)
    1:1:public static org.cocos2d.actions.interval.CCIntervalAction action(float)
org.cocos2d.tests.EffectsTest$FlipY3DDemo:
    343:347:public static org.cocos2d.actions.interval.CCIntervalAction action(float)
org.cocos2d.tests.EffectsTest$JumpTiles3DDemo:
    545:545:public static org.cocos2d.actions.tile.CCJumpTiles3D actionWithDuration(float)